[debug] [2026-01-31T20:34:32.737Z] ----------------------------------------------------------------------
[debug] [2026-01-31T20:34:32.743Z] Command:       C:\Program Files\nodejs\node.exe C:\Users\HP\AppData\Roaming\npm\node_modules\firebase-tools\lib\bin\firebase.js deploy --only hosting
[debug] [2026-01-31T20:34:32.743Z] CLI Version:   15.5.1
[debug] [2026-01-31T20:34:32.743Z] Platform:      win32
[debug] [2026-01-31T20:34:32.744Z] Node Version:  v24.11.1
[debug] [2026-01-31T20:34:32.744Z] Time:          Sun Feb 01 2026 02:04:32 GMT+0530 (India Standard Time)
[debug] [2026-01-31T20:34:32.744Z] ----------------------------------------------------------------------
[debug] 
[debug] [2026-01-31T20:34:32.749Z] >>> [apiv2][query] GET https://firebase-public.firebaseio.com/cli.json [none]
[error] 
[error] Error: Not in a Firebase app directory (could not locate firebase.json)
[debug] [2026-01-31T20:34:36.443Z] Error: EBUSY: resource busy or locked, unlink 'D:\HackForge2\firebase-debug.log'
    at Object.unlinkSync (node:fs:1942:11)
    at process.<anonymous> (C:\Users\HP\AppData\Roaming\npm\node_modules\firebase-tools\lib\bin\cli.js:44:16)
    at process.emit (node:events:520:35)
    at process.exit (node:internal/process/per_thread:236:15)
    at Timeout._onTimeout (C:\Users\HP\AppData\Roaming\npm\node_modules\firebase-tools\lib\errorOut.js:20:17)
    at listOnTimeout (node:internal/timers:605:17)
    at process.processTimers (node:internal/timers:541:7)
[error] 
[error] Error: An unexpected error has occurred.
